d:\file exchange\modeling_obstacles_in_lte_v12\src\simulation\lte\x64\debug\vc142.pdb
d:\file exchange\modeling_obstacles_in_lte_v12\src\simulation\lte\x64\debug\vc142.idb
d:\file exchange\modeling_obstacles_in_lte_v12\src\simulation\lte\x64\debug\rrc.obj
d:\file exchange\modeling_obstacles_in_lte_v12\src\simulation\lte\x64\debug\rlc.obj
d:\file exchange\modeling_obstacles_in_lte_v12\src\simulation\lte\x64\debug\relay.obj
d:\file exchange\modeling_obstacles_in_lte_v12\src\simulation\lte\x64\debug\pdcp.obj
d:\file exchange\modeling_obstacles_in_lte_v12\src\simulation\lte\x64\debug\nas.obj
d:\file exchange\modeling_obstacles_in_lte_v12\src\simulation\lte\x64\debug\mimo.obj
d:\file exchange\modeling_obstacles_in_lte_v12\src\simulation\lte\x64\debug\mac_scheduler.obj
d:\file exchange\modeling_obstacles_in_lte_v12\src\simulation\lte\x64\debug\lte_phy.obj
d:\file exchange\modeling_obstacles_in_lte_v12\src\simulation\lte\x64\debug\lte_enum.obj
d:\file exchange\modeling_obstacles_in_lte_v12\src\simulation\lte\x64\debug\lte.obj
d:\file exchange\modeling_obstacles_in_lte_v12\src\simulation\lte\x64\debug\harq.obj
d:\file exchange\modeling_obstacles_in_lte_v12\src\simulation\lte\x64\debug\femtocell.obj
d:\file exchange\modeling_obstacles_in_lte_v12\src\simulation\lte\x64\debug\d2d.obj
d:\file exchange\modeling_obstacles_in_lte_v12\src\simulation\lte\x64\debug\ca.obj
d:\file exchange\modeling_obstacles_in_lte_v12\bin\bin_x64\liblte.dll
d:\file exchange\modeling_obstacles_in_lte_v12\bin\bin_x64\lte.pdb
d:\file exchange\modeling_obstacles_in_lte_v12\bin\bin_x64\lte.lib
d:\file exchange\modeling_obstacles_in_lte_v12\bin\bin_x64\lte.exp
d:\file exchange\modeling_obstacles_in_lte_v12\workspace_modeling_obstacles\src\simulation\lte\x64\debug\ca.obj
d:\file exchange\modeling_obstacles_in_lte_v12\workspace_modeling_obstacles\src\simulation\lte\x64\debug\d2d.obj
d:\file exchange\modeling_obstacles_in_lte_v12\workspace_modeling_obstacles\src\simulation\lte\x64\debug\femtocell.obj
d:\file exchange\modeling_obstacles_in_lte_v12\workspace_modeling_obstacles\src\simulation\lte\x64\debug\harq.obj
d:\file exchange\modeling_obstacles_in_lte_v12\workspace_modeling_obstacles\src\simulation\lte\x64\debug\lte.obj
d:\file exchange\modeling_obstacles_in_lte_v12\workspace_modeling_obstacles\src\simulation\lte\x64\debug\lte_enum.obj
d:\file exchange\modeling_obstacles_in_lte_v12\workspace_modeling_obstacles\src\simulation\lte\x64\debug\lte_phy.obj
d:\file exchange\modeling_obstacles_in_lte_v12\workspace_modeling_obstacles\src\simulation\lte\x64\debug\mac_scheduler.obj
d:\file exchange\modeling_obstacles_in_lte_v12\workspace_modeling_obstacles\src\simulation\lte\x64\debug\mimo.obj
d:\file exchange\modeling_obstacles_in_lte_v12\workspace_modeling_obstacles\src\simulation\lte\x64\debug\nas.obj
d:\file exchange\modeling_obstacles_in_lte_v12\workspace_modeling_obstacles\src\simulation\lte\x64\debug\pdcp.obj
d:\file exchange\modeling_obstacles_in_lte_v12\workspace_modeling_obstacles\src\simulation\lte\x64\debug\relay.obj
d:\file exchange\modeling_obstacles_in_lte_v12\workspace_modeling_obstacles\src\simulation\lte\x64\debug\rlc.obj
d:\file exchange\modeling_obstacles_in_lte_v12\workspace_modeling_obstacles\src\simulation\lte\x64\debug\rrc.obj
d:\file exchange\modeling_obstacles_in_lte_v12\workspace_modeling_obstacles\src\simulation\lte\x64\debug\vc142.idb
d:\file exchange\modeling_obstacles_in_lte_v12\workspace_modeling_obstacles\src\simulation\lte\x64\debug\vc142.pdb
d:\file exchange\modeling_obstacles_in_lte_v12\workspace_modeling_obstacles\src\simulation\lte\x64\debug\lte.tlog\cl.command.1.tlog
d:\file exchange\modeling_obstacles_in_lte_v12\workspace_modeling_obstacles\src\simulation\lte\x64\debug\lte.tlog\cl.read.1.tlog
d:\file exchange\modeling_obstacles_in_lte_v12\workspace_modeling_obstacles\src\simulation\lte\x64\debug\lte.tlog\cl.write.1.tlog
d:\file exchange\modeling_obstacles_in_lte_v12\workspace_modeling_obstacles\src\simulation\lte\x64\debug\lte.tlog\link.command.1.tlog
d:\file exchange\modeling_obstacles_in_lte_v12\workspace_modeling_obstacles\src\simulation\lte\x64\debug\lte.tlog\link.read.1.tlog
d:\file exchange\modeling_obstacles_in_lte_v12\workspace_modeling_obstacles\src\simulation\lte\x64\debug\lte.tlog\link.write.1.tlog
d:\file exchange\modeling_obstacles_in_lte_v12\workspace_modeling_obstacles\src\simulation\lte\x64\debug\lte.tlog\lte.write.1u.tlog
